#
# There is insufficient memory for the Java Runtime Environment to continue.
# Native memory allocation (mmap) failed to map 268435456 bytes for Failed to commit area from 0x0000000700c00000 to 0x0000000710c00000 of length 268435456.
# Possible reasons:
#   The system is out of physical RAM or swap space
#   The process is running with CompressedOops enabled, and the Java Heap may be blocking the growth of the native heap
# Possible solutions:
#   Reduce memory load on the system
#   Increase physical memory or swap space
#   Check if swap backing store is full
#   Decrease Java heap size (-Xmx/-Xms)
#   Decrease number of Java threads
#   Decrease Java thread stack sizes (-Xss)
#   Set larger code cache with -XX:ReservedCodeCacheSize=
# This output file may be truncated or incomplete.
#
#  Out of Memory Error (t:/workspace/open/src/hotspot/os/windows/os_windows.cpp:3264), pid=24668, tid=26212
#
# JRE version:  (12.0.2+10) (build )
# Java VM: Java HotSpot(TM) 64-Bit Server VM (12.0.2+10, mixed mode, aot, sharing, tiered, compressed oops, g1 gc, windows-amd64)
# No core dump will be written. Minidumps are not enabled by default on client versions of Windows
#

---------------  S U M M A R Y ------------

Command Line: -Dfile.encoding=Cp1252 mainSystem.GUI

Host: AMD Ryzen 7 2700X Eight-Core Processor         , 16 cores, 15G,  Windows 10 , 64 bit Build 17763 (10.0.17763.475)
Time: Sun Dec 15 01:08:52 2019 W. Australia Standard Time elapsed time: 0 seconds (0d 0h 0m 0s)

---------------  T H R E A D  ---------------

Current thread (0x000001d7695d7000):  JavaThread "Unknown thread" [_thread_in_vm, id=26212, stack(0x000000bab2100000,0x000000bab2200000)]

Stack: [0x000000bab2100000,0x000000bab2200000]
Native frames: (J=compiled Java code, j=interpreted, Vv=VM code, C=native code)
V  [jvm.dll+0x63aa2a]
V  [jvm.dll+0x78ce1e]
V  [jvm.dll+0x78e4c1]
V  [jvm.dll+0x78eb13]
V  [jvm.dll+0x2627e8]
V  [jvm.dll+0x637f5a]
V  [jvm.dll+0x62c845]
V  [jvm.dll+0x31e49c]
V  [jvm.dll+0x31e2cf]
V  [jvm.dll+0x324006]
V  [jvm.dll+0x371f56]
V  [jvm.dll+0x371720]
V  [jvm.dll+0x2f845a]
V  [jvm.dll+0x2f96d2]
V  [jvm.dll+0x767267]
V  [jvm.dll+0x7689f5]
V  [jvm.dll+0x380059]
V  [jvm.dll+0x74b794]
V  [jvm.dll+0x3ef5cd]
V  [jvm.dll+0x3f1471]
C  [jli.dll+0x51cf]
C  [ucrtbase.dll+0x21ffa]
C  [KERNEL32.DLL+0x17974]
C  [ntdll.dll+0x6a271]


---------------  P R O C E S S  ---------------

Threads class SMR info:
_java_thread_list=0x00007ffa474f7928, length=0, elements={
}

Java Threads: ( => current thread )

Other Threads:
  0x000001d76963f000 GCTaskThread "GC Thread#0" [stack: 0x000000bab2200000,0x000000bab2300000] [id=10200]
  0x000001d76965c800 ConcurrentGCThread "G1 Main Marker" [stack: 0x000000bab2300000,0x000000bab2400000] [id=20796]
  0x000001d76965e000 ConcurrentGCThread "G1 Conc#0" [stack: 0x000000bab2400000,0x000000bab2500000] [id=27524]

[error occurred during error reporting (printing all threads), id 0xc0000005, EXCEPTION_ACCESS_VIOLATION (0xc0000005) at pc=0x00007ffa46d285e7]

VM state:not at safepoint (not fully initialized)

VM Mutex/Monitor currently owned by a thread:  ([mutex/lock_event])
[0x000001d7695d2070] Heap_lock - owner thread: 0x000001d7695d7000

Heap address: 0x0000000700c00000, size: 4084 MB, Compressed Oops mode: Non-zero based: 0x0000000700c00000
Narrow klass base: 0x0000000000000000, Narrow klass shift: 0

GC Heap History (0 events):
No events

Deoptimization events (0 events):
No events

Classes redefined (0 events):
No events

Internal exceptions (0 events):
No events

Events (0 events):
No events


Dynamic libraries:
0x00007ff655790000 - 0x00007ff65579f000 	C:\Program Files\Java\jdk-12.0.2\bin\javaw.exe
0x00007ffaab1f0000 - 0x00007ffaab3dd000 	C:\WINDOWS\SYSTEM32\ntdll.dll
0x00007ffaab0f0000 - 0x00007ffaab1a3000 	C:\WINDOWS\System32\KERNEL32.DLL
0x00007ffaa77c0000 - 0x00007ffaa7a53000 	C:\WINDOWS\System32\KERNELBASE.dll
0x00007ffaa7390000 - 0x00007ffaa748a000 	C:\WINDOWS\System32\ucrtbase.dll
0x00007ffa8f300000 - 0x00007ffa8f316000 	C:\Program Files\Java\jdk-12.0.2\bin\VCRUNTIME140.dll
0x00007ffa8caa0000 - 0x00007ffa8cab8000 	C:\Program Files\Java\jdk-12.0.2\bin\jli.dll
0x00007ffaa86d0000 - 0x00007ffaa8773000 	C:\WINDOWS\System32\ADVAPI32.dll
0x00007ffaaa150000 - 0x00007ffaaa1ee000 	C:\WINDOWS\System32\msvcrt.dll
0x00007ffaaa420000 - 0x00007ffaaa4be000 	C:\WINDOWS\System32\sechost.dll
0x00007ffaaaf90000 - 0x00007ffaab0b2000 	C:\WINDOWS\System32\RPCRT4.dll
0x00007ffaaa570000 - 0x00007ffaaa707000 	C:\WINDOWS\System32\USER32.dll
0x00007ffaa77a0000 - 0x00007ffaa77c0000 	C:\WINDOWS\System32\win32u.dll
0x00007ffa99630000 - 0x00007ffa998a9000 	C:\WINDOWS\WinSxS\amd64_microsoft.windows.common-controls_6595b64144ccf1df_6.0.17763.914_none_05b346b2072102f2\COMCTL32.dll
0x00007ffaa8850000 - 0x00007ffaa8879000 	C:\WINDOWS\System32\GDI32.dll
0x00007ffaa7ae0000 - 0x00007ffaa7c79000 	C:\WINDOWS\System32\gdi32full.dll
0x00007ffaaa710000 - 0x00007ffaaaa3c000 	C:\WINDOWS\System32\combase.dll
0x00007ffaa83d0000 - 0x00007ffaa8470000 	C:\WINDOWS\System32\msvcp_win.dll
0x00007ffaa7310000 - 0x00007ffaa738e000 	C:\WINDOWS\System32\bcryptPrimitives.dll
0x00007ffaa3690000 - 0x00007ffaa369a000 	C:\WINDOWS\SYSTEM32\VERSION.dll
0x00007ffaab0c0000 - 0x00007ffaab0ee000 	C:\WINDOWS\System32\IMM32.DLL
0x00007ffa6d350000 - 0x00007ffa6d3fa000 	C:\Program Files\Java\jdk-12.0.2\bin\msvcp140.dll
0x00007ffa46a20000 - 0x00007ffa47597000 	C:\Program Files\Java\jdk-12.0.2\bin\server\jvm.dll
0x00007ffaaa3b0000 - 0x00007ffaaa3b8000 	C:\WINDOWS\System32\PSAPI.DLL
0x00007ffa9dfc0000 - 0x00007ffa9dfe4000 	C:\WINDOWS\SYSTEM32\WINMM.dll
0x00007ffaa3e10000 - 0x00007ffaa3e19000 	C:\WINDOWS\SYSTEM32\WSOCK32.dll
0x00007ffaaaf20000 - 0x00007ffaaaf8d000 	C:\WINDOWS\System32\WS2_32.dll
0x00007ffa9dc50000 - 0x00007ffa9dc7d000 	C:\WINDOWS\SYSTEM32\WINMMBASE.dll
0x00007ffaa7a60000 - 0x00007ffaa7aaa000 	C:\WINDOWS\System32\cfgmgr32.dll
0x00007ffaa7260000 - 0x00007ffaa7271000 	C:\WINDOWS\System32\kernel.appcore.dll
0x00007ffa83fa0000 - 0x00007ffa83fb1000 	C:\Program Files\Java\jdk-12.0.2\bin\verify.dll
0x00007ffaa1e90000 - 0x00007ffaa207d000 	C:\WINDOWS\SYSTEM32\DBGHELP.DLL
0x00007ffaa1df0000 - 0x00007ffaa1e1a000 	C:\WINDOWS\SYSTEM32\dbgcore.DLL
0x00007ffa77da0000 - 0x00007ffa77dc6000 	C:\Program Files\Java\jdk-12.0.2\bin\java.dll
0x00007ffa82760000 - 0x00007ffa82777000 	C:\Program Files\Java\jdk-12.0.2\bin\zip.dll
0x00007ffa959c0000 - 0x00007ffa959ca000 	C:\Program Files\Java\jdk-12.0.2\bin\jimage.dll

dbghelp: loaded successfully - version: 4.0.5 - missing functions: none
symbol engine: initialized successfully - sym options: 0x614 - pdb path: .;C:\Program Files\Java\jdk-12.0.2\bin;C:\WINDOWS\SYSTEM32;C:\WINDOWS\WinSxS\amd64_microsoft.windows.common-controls_6595b64144ccf1df_6.0.17763.914_none_05b346b2072102f2;C:\Program Files\Java\jdk-12.0.2\bin\server

VM Arguments:
jvm_args: -Dfile.encoding=Cp1252 
java_command: mainSystem.GUI
java_class_path (initial): D:\Eclipse Workplace\Barcode-System\bin;D:\Project\mongo-java-driver-3.0.4.jar;D:\Eclipse Workplace\Barcode-System\miglayout15-swing.jar
Launcher Type: SUN_STANDARD

[Global flags]
     intx CICompilerCount                          = 12                                        {product} {ergonomic}
     uint ConcGCThreads                            = 3                                         {product} {ergonomic}
     uint G1ConcRefinementThreads                  = 13                                        {product} {ergonomic}
   size_t G1HeapRegionSize                         = 1048576                                   {product} {ergonomic}
    uintx GCDrainStackTargetSize                   = 64                                        {product} {ergonomic}
   size_t InitialHeapSize                          = 268435456                                 {product} {ergonomic}
   size_t MarkStackSize                            = 4194304                                   {product} {ergonomic}
   size_t MaxHeapSize                              = 4282384384                                {product} {ergonomic}
   size_t MinHeapDeltaBytes                        = 1048576                                   {product} {ergonomic}
    uintx NonNMethodCodeHeapSize                   = 7594288                                {pd product} {ergonomic}
    uintx NonProfiledCodeHeapSize                  = 122031976                              {pd product} {ergonomic}
    uintx ProfiledCodeHeapSize                     = 122031976                              {pd product} {ergonomic}
    uintx ReservedCodeCacheSize                    = 251658240                              {pd product} {ergonomic}
     bool SegmentedCodeCache                       = true                                      {product} {ergonomic}
     bool UseCompressedClassPointers               = true                                 {lp64_product} {ergonomic}
     bool UseCompressedOops                        = true                                 {lp64_product} {ergonomic}
     bool UseG1GC                                  = true                                      {product} {ergonomic}
     bool UseLargePagesIndividualAllocation        = false                                  {pd product} {ergonomic}

Logging:
Log output configuration:
 #0: stdout all=warning uptime,level,tags
 #1: stderr all=off uptime,level,tags

Environment Variables:
PATH=C:/Program Files/Java/jdk-12.0.2/bin/server;C:/Program Files/Java/jdk-12.0.2/bin;C:\Program Files\NVIDIA GPU Computing Toolkit\CUDA\v10.1\bin;C:\Program Files\NVIDIA GPU Computing Toolkit\CUDA\v10.1\libnvvp;C:\Windows\system32;C:\Windows;C:\Windows\System32\Wbem;C:\Windows\System32\WindowsPowerShell\v1.0\;C:\Program Files (x86)\NVIDIA Corporation\PhysX\Common;C:\Program Files\NVIDIA Corporation\NVIDIA NvDLISR;C:\WINDOWS\system32;C:\WINDOWS;C:\WINDOWS\System32\Wbem;C:\WINDOWS\System32\WindowsPowerShell\v1.0\;C:\WINDOWS\System32\OpenSSH\;D:\UWA\MATLAB\R2018a\runtime\win64;D:\UWA\MATLAB\R2018a\bin;C:\Program Files\NVIDIA Corporation\Nsight Compute 2019.4.0\;C:\Users\username\AppData\Local\Microsoft\WindowsApps;C:\Users\username\AppData\Local\Programs\MiKTeX 2.9\miktex\bin\x64\;C:\Users\username\AppData\Local\GitHubDesktop\bin;C:\Users\username\Desktop;
USERNAME=username
OS=Windows_NT
PROCESSOR_IDENTIFIER=AMD64 Family 23 Model 8 Stepping 2, AuthenticAMD



---------------  S Y S T E M  ---------------

OS: Windows 10 , 64 bit Build 17763 (10.0.17763.475)

CPU:total 16 (initial active 16) (16 cores per cpu, 2 threads per core) family 23 model 8 stepping 2, cmov, cx8, fxsr, mmx, sse, sse2, sse3, ssse3, sse4.1, sse4.2, popcnt, avx, avx2, aes, clmul, mmxext, 3dnowpref, lzcnt, sse4a, ht, tsc, tscinvbit, tscinv, bmi1, bmi2, adx, sha, fma

Memory: 4k page, system-wide physical 16332M (4922M free)
TotalPageFile size 44701M (AvailPageFile size 120M)
current process WorkingSet (physical memory assigned to process): 10M, peak: 10M
current process commit charge ("private bytes"): 71M, peak: 327M

vm_info: Java HotSpot(TM) 64-Bit Server VM (12.0.2+10) for windows-amd64 JRE (12.0.2+10), built on Jul 16 2019 01:56:17 by "mach5one" with MS VC++ 15.5 (VS2017)

END.
